<?xml version="1.0" encoding="UTF-8"?>
<!-- Generated by org.testng.reporters.JUnitReportReporter -->
<testsuite hostname="DESKTOP-O55CN0U" failures="0" tests="1" name="Test_Ng_Class" time="46.399" errors="0" timestamp="04 Dec 2018 06:11:45 GMT" skipped="0">
  <testcase classname="Test_Ng_Class" name="login_method" time="46.399"/>
</testsuite> <!-- Test_Ng_Class -->
